<?xml version="1.0" encoding="UTF-8"?>
<!-- Generated by org.testng.reporters.JUnitReportReporter -->
<testsuite name="test2019.PomTest" tests="1" time="24.285" ignored="0" failures="0" timestamp="23 九月 2018 04:31:42 GMT" skipped="0" hostname="CのG" errors="0">
  <testcase name="cahTest" time="24.285" classname="test2019.PomTest"/>
</testsuite> <!-- test2019.PomTest -->
