<?xml version="1.0" encoding="UTF-8"?>
<!-- Generated by org.testng.reporters.JUnitReportReporter -->
<testsuite name="test2019.TestNg" tests="1" time="1.610" ignored="0" failures="0" timestamp="22 九月 2018 15:16:37 GMT" skipped="0" hostname="CのG" errors="0">
  <testcase name="openlenovo" time="1.610" classname="test2019.TestNg"/>
</testsuite> <!-- test2019.TestNg -->
